Arguments: 
  /Users/daanaerts/.nvm/versions/node/v15.5.0/bin/node /Users/daanaerts/.yarn/bin/yarn.js add @lodash.pick

PATH: 
  /Users/daanaerts/.yarn/bin:/Users/daanaerts/.config/yarn/global/node_modules/.bin:/Users/daanaerts/.nvm/versions/node/v15.5.0/bin:/usr/local/bin:/usr/bin:/bin:/usr/sbin:/sbin:/Library/Apple/usr/bin:/opt/homebrew/bin

Yarn version: 
  1.22.5

Node version: 
  15.5.0

Platform: 
  darwin x64

Trace: 
  Error: https://registry.yarnpkg.com/@lodash.pick: Request "https://registry.yarnpkg.com/@lodash.pick" returned a 405
      at Request.params.callback [as _callback] (/Users/daanaerts/.yarn/lib/cli.js:66997:18)
      at Request.self.callback (/Users/daanaerts/.yarn/lib/cli.js:140749:22)
      at Request.emit (node:events:376:20)
      at Request.<anonymous> (/Users/daanaerts/.yarn/lib/cli.js:141721:10)
      at Request.emit (node:events:376:20)
      at IncomingMessage.<anonymous> (/Users/daanaerts/.yarn/lib/cli.js:141643:12)
      at Object.onceWrapper (node:events:482:28)
      at IncomingMessage.emit (node:events:388:22)
      at endReadableNT (node:internal/streams/readable:1305:12)
      at processTicksAndRejections (node:internal/process/task_queues:80:21)

npm manifest: 
  {
    "name": "src",
    "version": "1.0.0",
    "description": "",
    "main": "app.js",
    "dependencies": {
      "express": "^4.17.1"
    },
    "devDependencies": {},
    "scripts": {
      "test": "echo \"Error: no test specified\" && exit 1"
    },
    "author": "",
    "license": "ISC"
  }

yarn manifest: 
  No manifest

Lockfile: 
  No lockfile
